[2017-07-31 17:00:12] Processing: App\Events\MessageSent
[2017-07-31 17:00:13] Processed:  App\Events\MessageSent
[2017-07-31 17:05:31] Processing: App\Events\MessageSent
[2017-07-31 17:05:32] Processed:  App\Events\MessageSent
[2017-08-01 06:35:05] Processing: App\Events\MessageSent
[2017-08-01 06:35:06] Processed:  App\Events\MessageSent
[2017-08-01 06:35:06] Processing: App\Events\MessageSent
[2017-08-01 06:35:06] Processed:  App\Events\MessageSent
[2017-08-01 06:35:07] Processing: App\Notifications\FriendRequestAccepted
[2017-08-01 06:35:09] Processed:  App\Notifications\FriendRequestAccepted
[2017-08-01 06:35:09] Processing: App\Notifications\FriendRequestAccepted
[2017-08-01 06:35:09] Processed:  App\Notifications\FriendRequestAccepted
[2017-08-01 06:35:10] Processing: App\Notifications\FriendRequestAccepted
[2017-08-01 06:35:10] Processed:  App\Notifications\FriendRequestAccepted
[2017-08-01 06:35:10] Processing: App\Notifications\FriendRequestAccepted
[2017-08-01 06:35:12] Processed:  App\Notifications\FriendRequestAccepted
[2017-08-01 06:35:12] Processing: App\Notifications\FriendRequestAccepted
[2017-08-01 06:35:12] Processed:  App\Notifications\FriendRequestAccepted
[2017-08-01 06:35:12] Processing: App\Notifications\FriendRequestAccepted
[2017-08-01 06:35:12] Processed:  App\Notifications\FriendRequestAccepted
[2017-08-01 06:35:12] Processing: Illuminate\Notifications\Events\BroadcastNotificationCreated
[2017-08-01 06:35:13] Processed:  Illuminate\Notifications\Events\BroadcastNotificationCreated
[2017-08-01 06:35:13] Processing: Illuminate\Notifications\Events\BroadcastNotificationCreated
[2017-08-01 06:35:14] Processed:  Illuminate\Notifications\Events\BroadcastNotificationCreated
[2017-08-01 06:49:25] Processing: App\Notifications\FriendRequestAccepted
[2017-08-01 06:49:27] Processed:  App\Notifications\FriendRequestAccepted
[2017-08-01 06:49:27] Processing: App\Notifications\FriendRequestAccepted
[2017-08-01 06:49:27] Processed:  App\Notifications\FriendRequestAccepted
[2017-08-01 06:49:27] Processing: App\Notifications\FriendRequestAccepted
[2017-08-01 06:49:27] Processed:  App\Notifications\FriendRequestAccepted
[2017-08-01 06:49:28] Processing: Illuminate\Notifications\Events\BroadcastNotificationCreated
[2017-08-01 06:49:28] Processed:  Illuminate\Notifications\Events\BroadcastNotificationCreated
[2017-08-01 06:49:58] Processing: App\Notifications\FriendRequestAccepted
[2017-08-01 06:50:00] Processed:  App\Notifications\FriendRequestAccepted
[2017-08-01 06:50:00] Processing: App\Notifications\FriendRequestAccepted
[2017-08-01 06:50:00] Processed:  App\Notifications\FriendRequestAccepted
[2017-08-01 06:50:01] Processing: App\Notifications\FriendRequestAccepted
[2017-08-01 06:50:01] Processed:  App\Notifications\FriendRequestAccepted
[2017-08-01 06:50:01] Processing: Illuminate\Notifications\Events\BroadcastNotificationCreated
[2017-08-01 06:50:02] Processed:  Illuminate\Notifications\Events\BroadcastNotificationCreated
[2017-08-01 06:50:25] Processing: App\Notifications\FriendRequestAccepted
[2017-08-01 06:50:27] Processed:  App\Notifications\FriendRequestAccepted
[2017-08-01 06:50:27] Processing: App\Notifications\FriendRequestAccepted
[2017-08-01 06:50:27] Processed:  App\Notifications\FriendRequestAccepted
[2017-08-01 06:50:27] Processing: App\Notifications\FriendRequestAccepted
[2017-08-01 06:50:27] Processed:  App\Notifications\FriendRequestAccepted
[2017-08-01 06:50:28] Processing: Illuminate\Notifications\Events\BroadcastNotificationCreated
[2017-08-01 06:50:28] Processed:  Illuminate\Notifications\Events\BroadcastNotificationCreated
